2025-04-04 13:28:49,413 [INFO] Activator:176 - 


2025-04-04 13:28:49,415 [INFO] Activator:177 - !SESSION log4j initialized
2025-04-04 13:28:51,693 [INFO] LogOutputStream:77 - [STDOUT_REDIRECT] 
2025-04-04 13:28:59,789 [INFO] ApplicationProperties:184 - Using Application install path: C:\ST\STM32CubeIDE_1.13.2\STM32CubeIDE\plugins\com.st.stm32cube.common.mx_6.10.0.202311202037
2025-04-04 13:28:59,801 [INFO] DbMcusXml:78 - Set database path to: C:\ST\STM32CubeIDE_1.13.2\STM32CubeIDE\plugins\com.st.stm32cube.common.mx_6.10.0.202311202037\\db\/mcu/
2025-04-04 13:28:59,801 [INFO] ApiDb:274 - Set plugin database path to: C:\ST\STM32CubeIDE_1.13.2\STM32CubeIDE\plugins\com.st.stm32cube.common.mx_6.10.0.202311202037\\db\/plugins/boardmanager/
2025-04-04 13:28:59,803 [WARN] ApiDb:259 - Overriding images path with different value:  => C:\ST\STM32CubeIDE_1.13.2\STM32CubeIDE\plugins\com.st.stm32cube.common.mx_6.10.0.202311202037\\db\/plugins/mcufinder/images/
2025-04-04 13:28:59,807 [INFO] ApiDb:250 - Set database path to: C:\Users\darth\.stmcufinder\plugins\mcufinder//mcu/
2025-04-04 13:28:59,807 [INFO] DbMcusAds:125 - Set database path to: C:\Users\darth\.stmcufinder\plugins\mcufinder//mcu/
2025-04-04 13:28:59,809 [INFO] CrossReferenceDbSqlite:203 - Set database path to: C:\Users\darth\.stmcufinder\plugins\mcufinder//mcu/cs/
2025-04-04 13:28:59,880 [INFO] RulesReader:64 - Compatibility file has been processed (297 Rules)
2025-04-04 13:28:59,943 [INFO] DbMcusXml:78 - Set database path to: C:\ST\STM32CubeIDE_1.13.2\STM32CubeIDE\plugins\com.st.stm32cube.common.mx_6.10.0.202311202037\\db\/mcu/
2025-04-04 13:28:59,943 [INFO] ApiDb:274 - Set plugin database path to: C:\ST\STM32CubeIDE_1.13.2\STM32CubeIDE\plugins\com.st.stm32cube.common.mx_6.10.0.202311202037\\db\/plugins/boardmanager/
2025-04-04 13:28:59,944 [INFO] ApiDb:261 - Set plugin images path to: C:\ST\STM32CubeIDE_1.13.2\STM32CubeIDE\plugins\com.st.stm32cube.common.mx_6.10.0.202311202037\\db\/plugins/mcufinder/images/
2025-04-04 13:28:59,944 [WARN] DbFile:41 - Overriding database path with different value: C:\Users\darth\.stmcufinder\plugins\mcufinder/ => C:\Users\darth\.stmcufinder\plugins\mcufinder
2025-04-04 13:28:59,944 [INFO] ApiDb:250 - Set database path to: C:\Users\darth\.stmcufinder\plugins\mcufinder//mcu/
2025-04-04 13:28:59,944 [WARN] DbFile:41 - Overriding database path with different value: C:\Users\darth\.stmcufinder\plugins\mcufinder/ => C:\Users\darth\.stmcufinder\plugins\mcufinder
2025-04-04 13:28:59,944 [INFO] DbMcusAds:125 - Set database path to: C:\Users\darth\.stmcufinder\plugins\mcufinder//mcu/
2025-04-04 13:28:59,944 [WARN] DbFile:41 - Overriding database path with different value: C:\Users\darth\.stmcufinder\plugins\mcufinder/ => C:\Users\darth\.stmcufinder\plugins\mcufinder
2025-04-04 13:28:59,944 [WARN] DbFile:41 - Overriding database path with different value: C:\Users\darth\.stmcufinder\plugins\mcufinder/ => C:\Users\darth\.stmcufinder\plugins\mcufinder
2025-04-04 13:28:59,944 [INFO] CrossReferenceDbSqlite:203 - Set database path to: C:\Users\darth\.stmcufinder\plugins\mcufinder//mcu/cs/
2025-04-04 13:29:00,001 [INFO] MainPanel:264 - HeapMemory: 268435456
2025-04-04 13:29:00,055 [INFO] DbMcusXml:78 - Set database path to: C:\ST\STM32CubeIDE_1.13.2\STM32CubeIDE\plugins\com.st.stm32cube.common.mx_6.10.0.202311202037\\db\/mcu/
2025-04-04 13:29:00,055 [INFO] ApiDb:274 - Set plugin database path to: C:\ST\STM32CubeIDE_1.13.2\STM32CubeIDE\plugins\com.st.stm32cube.common.mx_6.10.0.202311202037\\db\/plugins/boardmanager/
2025-04-04 13:29:00,055 [INFO] ApiDb:261 - Set plugin images path to: C:\ST\STM32CubeIDE_1.13.2\STM32CubeIDE\plugins\com.st.stm32cube.common.mx_6.10.0.202311202037\\db\/plugins/mcufinder/images/
2025-04-04 13:29:00,056 [WARN] DbFile:41 - Overriding database path with different value: C:\Users\darth\.stmcufinder\plugins\mcufinder/ => C:\Users\darth\.stmcufinder\plugins\mcufinder
2025-04-04 13:29:00,056 [INFO] ApiDb:250 - Set database path to: C:\Users\darth\.stmcufinder\plugins\mcufinder//mcu/
2025-04-04 13:29:00,056 [WARN] DbFile:41 - Overriding database path with different value: C:\Users\darth\.stmcufinder\plugins\mcufinder/ => C:\Users\darth\.stmcufinder\plugins\mcufinder
2025-04-04 13:29:00,056 [INFO] DbMcusAds:125 - Set database path to: C:\Users\darth\.stmcufinder\plugins\mcufinder//mcu/
2025-04-04 13:29:00,056 [WARN] DbFile:41 - Overriding database path with different value: C:\Users\darth\.stmcufinder\plugins\mcufinder/ => C:\Users\darth\.stmcufinder\plugins\mcufinder
2025-04-04 13:29:00,056 [WARN] DbFile:41 - Overriding database path with different value: C:\Users\darth\.stmcufinder\plugins\mcufinder/ => C:\Users\darth\.stmcufinder\plugins\mcufinder
2025-04-04 13:29:00,056 [INFO] CrossReferenceDbSqlite:203 - Set database path to: C:\Users\darth\.stmcufinder\plugins\mcufinder//mcu/cs/
2025-04-04 13:29:00,071 [INFO] ApplicationProperties:184 - Using Application install path: C:\ST\STM32CubeIDE_1.13.2\STM32CubeIDE\plugins\com.st.stm32cube.common.mx_6.10.0.202311202037
2025-04-04 13:29:00,072 [INFO] PluginManage:196 - Search for loadable plugins [exclusion list=, ]
2025-04-04 13:29:00,073 [INFO] PluginManage:310 - Check plugin analytics
2025-04-04 13:29:00,181 [INFO] AnalyticsPlugin:253 - Accepted Software Licenses: 
2025-04-04 13:29:00,181 [INFO] AnalyticsPlugin:255 - Accepted CMSIS Pack Licenses: 
2025-04-04 13:29:00,181 [INFO] AnalyticsPlugin:257 - Accepted Firmware Licenses: 
2025-04-04 13:29:00,184 [INFO] PluginManage:359 - Loaded plugin analytics (category:tool,tabindex:-1)
2025-04-04 13:29:00,184 [INFO] PluginManage:310 - Check plugin cadmodel
2025-04-04 13:29:00,188 [INFO] CADModel:105 - Init CAD model plugin
2025-04-04 13:29:00,188 [INFO] PluginManage:359 - Loaded plugin cadmodel (category:power,tabindex:5)
2025-04-04 13:29:00,188 [INFO] PluginManage:310 - Check plugin clock
2025-04-04 13:29:00,196 [INFO] PluginManage:359 - Loaded plugin clock (category:base,tabindex:2)
2025-04-04 13:29:00,196 [INFO] PluginManage:310 - Check plugin ddr
2025-04-04 13:29:00,199 [INFO] PluginManage:359 - Loaded plugin ddr (category:tool,tabindex:6)
2025-04-04 13:29:00,199 [INFO] PluginManage:310 - Check plugin filemanager
2025-04-04 13:29:00,315 [INFO] PluginManage:359 - Loaded plugin filemanager (category:base,tabindex:10)
2025-04-04 13:29:00,316 [INFO] PluginManage:310 - Check plugin ipmanager
2025-04-04 13:29:00,322 [INFO] PluginManage:359 - Loaded plugin ipmanager (category:base,tabindex:5)
2025-04-04 13:29:00,322 [INFO] PluginManage:310 - Check plugin lpbam
2025-04-04 13:29:00,328 [INFO] PluginManage:359 - Loaded plugin lpbam (category:base,tabindex:0)
2025-04-04 13:29:00,329 [INFO] PluginManage:310 - Check plugin memorymap
2025-04-04 13:29:00,337 [INFO] PluginManage:359 - Loaded plugin memorymap (category:base,tabindex:4)
2025-04-04 13:29:00,337 [INFO] PluginManage:310 - Check plugin pinoutandconfiguration
2025-04-04 13:29:00,342 [INFO] PluginManage:359 - Loaded plugin pinoutandconfiguration (category:base,tabindex:1)
2025-04-04 13:29:00,342 [INFO] PluginManage:310 - Check plugin pinoutconfig
2025-04-04 13:29:00,401 [WARN] SupportedApi:132 - Cannot load RTOS API schema: s4s-elt-must-match.1: The content of 'definitions' must match (annotation?, (simpleType | complexType)?, (unique | key | keyref)*)). A problem was found starting at: attribute.
2025-04-04 13:29:00,485 [INFO] PluginManage:359 - Loaded plugin pinoutconfig (category:base,tabindex:0)
2025-04-04 13:29:00,485 [INFO] PluginManage:310 - Check plugin power
2025-04-04 13:29:00,490 [INFO] PluginManage:359 - Loaded plugin power (category:power,tabindex:4)
2025-04-04 13:29:00,490 [INFO] PluginManage:310 - Check plugin projectmanager
2025-04-04 13:29:00,502 [INFO] PluginManage:359 - Loaded plugin projectmanager (category:projectmanager,tabindex:3)
2025-04-04 13:29:00,502 [INFO] PluginManage:310 - Check plugin thirdparty
2025-04-04 13:29:00,589 [INFO] PluginManage:359 - Loaded plugin thirdparty (category:base,tabindex:-1)
2025-04-04 13:29:00,589 [WARN] IntegrityCheckThread:84 - waiting for thirdparty lock release [integrity check]
2025-04-04 13:29:00,589 [INFO] PluginManage:310 - Check plugin tools
2025-04-04 13:29:00,589 [INFO] IntegrityCheckThread:86 - entering critical section [integrity check]
2025-04-04 13:29:00,590 [INFO] ThirdPartyUpdaterWithRetryManager:70 - Updater plugin not ready yet. [1/15]
2025-04-04 13:29:00,591 [INFO] PluginManage:359 - Loaded plugin tools (category:base,tabindex:7)
2025-04-04 13:29:00,591 [INFO] PluginManage:310 - Check plugin tutovideos
2025-04-04 13:29:00,720 [INFO] PluginManage:359 - Loaded plugin tutovideos (category:base,tabindex:-1)
2025-04-04 13:29:00,720 [INFO] PluginManage:310 - Check plugin updater
2025-04-04 13:29:00,728 [INFO] PluginManage:359 - Loaded plugin updater (category:base,tabindex:12)
2025-04-04 13:29:00,728 [INFO] PluginManage:310 - Check plugin userauth
2025-04-04 13:29:00,731 [INFO] UserAuth:114 - Init User Auth plugin
2025-04-04 13:29:00,731 [INFO] PluginManage:359 - Loaded plugin userauth (category:base,tabindex:14)
2025-04-04 13:29:00,732 [INFO] PluginManage:283 - PluginManage : Loaded plugins [17]
2025-04-04 13:29:00,897 [INFO] PinOutPanel:1499 - setPackage(No Configuration,No Configuration)
2025-04-04 13:29:00,961 [INFO] CADModel:165 - CPN selected for project level
2025-04-04 13:29:00,962 [INFO] CADModel:114 - Register for checkConnection events
2025-04-04 13:29:00,974 [INFO] IPUIPlugin:80 - create IPUIPlugin
2025-04-04 13:29:00,974 [INFO] PluginManager:220 - loadIPPluginJar : add adc
2025-04-04 13:29:00,976 [INFO] IPUIPlugin:80 - create IPUIPlugin
2025-04-04 13:29:00,976 [INFO] PluginManager:220 - loadIPPluginJar : add aes
2025-04-04 13:29:00,978 [INFO] IPUIPlugin:80 - create IPUIPlugin
2025-04-04 13:29:00,978 [INFO] PluginManager:220 - loadIPPluginJar : add can
2025-04-04 13:29:00,980 [INFO] IPUIPlugin:80 - create IPUIPlugin
2025-04-04 13:29:00,980 [INFO] PluginManager:220 - loadIPPluginJar : add comp
2025-04-04 13:29:00,982 [INFO] IPUIPlugin:80 - create IPUIPlugin
2025-04-04 13:29:00,982 [INFO] PluginManager:220 - loadIPPluginJar : add cryp
2025-04-04 13:29:00,983 [INFO] IPUIPlugin:80 - create IPUIPlugin
2025-04-04 13:29:00,983 [INFO] PluginManager:220 - loadIPPluginJar : add dfsdm
2025-04-04 13:29:00,987 [INFO] IPUIPlugin:80 - create IPUIPlugin
2025-04-04 13:29:00,988 [INFO] PluginManager:220 - loadIPPluginJar : add dma
2025-04-04 13:29:00,989 [INFO] IPUIPlugin:80 - create IPUIPlugin
2025-04-04 13:29:00,989 [INFO] PluginManager:220 - loadIPPluginJar : add dma3
2025-04-04 13:29:00,990 [INFO] IPUIPlugin:80 - create IPUIPlugin
2025-04-04 13:29:00,990 [INFO] PluginManager:220 - loadIPPluginJar : add fatfs
2025-04-04 13:29:00,993 [INFO] IPUIPlugin:80 - create IPUIPlugin
2025-04-04 13:29:00,993 [INFO] PluginManager:220 - loadIPPluginJar : add fmc
2025-04-04 13:29:00,997 [INFO] IPUIPlugin:80 - create IPUIPlugin
2025-04-04 13:29:00,998 [INFO] PluginManager:220 - loadIPPluginJar : add freertos
2025-04-04 13:29:00,999 [INFO] IPUIPlugin:80 - create IPUIPlugin
2025-04-04 13:29:00,999 [INFO] PluginManager:220 - loadIPPluginJar : add genericplugin
2025-04-04 13:29:01,000 [INFO] IPUIPlugin:80 - create IPUIPlugin
2025-04-04 13:29:01,001 [INFO] PluginManager:220 - loadIPPluginJar : add gfxmmu
2025-04-04 13:29:01,005 [INFO] IPUIPlugin:80 - create IPUIPlugin
2025-04-04 13:29:01,005 [INFO] PluginManager:220 - loadIPPluginJar : add gic
2025-04-04 13:29:01,008 [INFO] IPUIPlugin:80 - create IPUIPlugin
2025-04-04 13:29:01,008 [INFO] PluginManager:220 - loadIPPluginJar : add gpio
2025-04-04 13:29:01,010 [INFO] IPUIPlugin:80 - create IPUIPlugin
2025-04-04 13:29:01,010 [INFO] PluginManager:220 - loadIPPluginJar : add gtzc
2025-04-04 13:29:01,011 [INFO] IPUIPlugin:80 - create IPUIPlugin
2025-04-04 13:29:01,011 [INFO] PluginManager:220 - loadIPPluginJar : add hash
2025-04-04 13:29:01,013 [INFO] IPUIPlugin:80 - create IPUIPlugin
2025-04-04 13:29:01,014 [INFO] PluginManager:220 - loadIPPluginJar : add i2c
2025-04-04 13:29:01,016 [INFO] IPUIPlugin:80 - create IPUIPlugin
2025-04-04 13:29:01,016 [INFO] PluginManager:220 - loadIPPluginJar : add i2s
2025-04-04 13:29:01,018 [INFO] IPUIPlugin:80 - create IPUIPlugin
2025-04-04 13:29:01,018 [INFO] PluginManager:220 - loadIPPluginJar : add i3c
2025-04-04 13:29:01,022 [INFO] IPUIPlugin:80 - create IPUIPlugin
2025-04-04 13:29:01,022 [INFO] PluginManager:220 - loadIPPluginJar : add ipddr
2025-04-04 13:29:01,027 [INFO] IPUIPlugin:80 - create IPUIPlugin
2025-04-04 13:29:01,028 [INFO] PluginManager:220 - loadIPPluginJar : add linkedlist
2025-04-04 13:29:01,030 [INFO] IPUIPlugin:80 - create IPUIPlugin
2025-04-04 13:29:01,030 [INFO] PluginManager:220 - loadIPPluginJar : add lorawan
2025-04-04 13:29:01,031 [INFO] IPUIPlugin:80 - create IPUIPlugin
2025-04-04 13:29:01,031 [INFO] PluginManager:220 - loadIPPluginJar : add ltdc
2025-04-04 13:29:01,035 [INFO] IPUIPlugin:80 - create IPUIPlugin
2025-04-04 13:29:01,035 [INFO] PluginManager:220 - loadIPPluginJar : add mdma
2025-04-04 13:29:01,037 [INFO] IPUIPlugin:80 - create IPUIPlugin
2025-04-04 13:29:01,038 [INFO] PluginManager:220 - loadIPPluginJar : add nvic
2025-04-04 13:29:01,040 [INFO] IPUIPlugin:80 - create IPUIPlugin
2025-04-04 13:29:01,041 [INFO] PluginManager:220 - loadIPPluginJar : add opamp
2025-04-04 13:29:01,043 [INFO] IPUIPlugin:80 - create IPUIPlugin
2025-04-04 13:29:01,043 [INFO] PluginManager:220 - loadIPPluginJar : add openamp
2025-04-04 13:29:01,045 [INFO] IPUIPlugin:80 - create IPUIPlugin
2025-04-04 13:29:01,045 [INFO] PluginManager:220 - loadIPPluginJar : add pdm2pcm
2025-04-04 13:29:01,051 [INFO] IPUIPlugin:80 - create IPUIPlugin
2025-04-04 13:29:01,052 [INFO] PluginManager:220 - loadIPPluginJar : add plateformsettings
2025-04-04 13:29:01,054 [INFO] IPUIPlugin:80 - create IPUIPlugin
2025-04-04 13:29:01,054 [INFO] PluginManager:220 - loadIPPluginJar : add quadspi
2025-04-04 13:29:01,056 [INFO] IPUIPlugin:80 - create IPUIPlugin
2025-04-04 13:29:01,056 [INFO] PluginManager:220 - loadIPPluginJar : add resmgrutility
2025-04-04 13:29:01,058 [INFO] IPUIPlugin:80 - create IPUIPlugin
2025-04-04 13:29:01,058 [INFO] PluginManager:220 - loadIPPluginJar : add sai
2025-04-04 13:29:01,060 [INFO] IPUIPlugin:80 - create IPUIPlugin
2025-04-04 13:29:01,060 [INFO] PluginManager:220 - loadIPPluginJar : add spi
2025-04-04 13:29:01,063 [INFO] IPUIPlugin:80 - create IPUIPlugin
2025-04-04 13:29:01,064 [INFO] PluginManager:220 - loadIPPluginJar : add stm32_wpan
2025-04-04 13:29:01,065 [INFO] IPUIPlugin:80 - create IPUIPlugin
2025-04-04 13:29:01,065 [INFO] PluginManager:220 - loadIPPluginJar : add tim
2025-04-04 13:29:01,067 [INFO] IPUIPlugin:80 - create IPUIPlugin
2025-04-04 13:29:01,067 [INFO] PluginManager:220 - loadIPPluginJar : add touchsensing
2025-04-04 13:29:01,068 [INFO] IPUIPlugin:80 - create IPUIPlugin
2025-04-04 13:29:01,068 [INFO] PluginManager:220 - loadIPPluginJar : add tracer_emb
2025-04-04 13:29:01,069 [INFO] IPUIPlugin:80 - create IPUIPlugin
2025-04-04 13:29:01,070 [INFO] PluginManager:220 - loadIPPluginJar : add ts
2025-04-04 13:29:01,070 [INFO] IPUIPlugin:80 - create IPUIPlugin
2025-04-04 13:29:01,071 [INFO] PluginManager:220 - loadIPPluginJar : add tsc
2025-04-04 13:29:01,072 [INFO] IPUIPlugin:80 - create IPUIPlugin
2025-04-04 13:29:01,072 [INFO] PluginManager:220 - loadIPPluginJar : add ucpd
2025-04-04 13:29:01,073 [INFO] IPUIPlugin:80 - create IPUIPlugin
2025-04-04 13:29:01,073 [INFO] PluginManager:220 - loadIPPluginJar : add usart
2025-04-04 13:29:01,075 [INFO] IPUIPlugin:80 - create IPUIPlugin
2025-04-04 13:29:01,075 [INFO] PluginManager:220 - loadIPPluginJar : add usbx
2025-04-04 13:29:01,196 [INFO] CADModel:165 - CPN selected for project level
2025-04-04 13:29:01,196 [INFO] CADModel:114 - Register for checkConnection events
2025-04-04 13:29:01,196 [FATAL] Updater:308 - Updater called before beeing initialized
2025-04-04 13:29:01,196 [ERROR] CADModel:125 - Updater not yet initialized, retry later 
2025-04-04 13:29:01,293 [INFO] CADModel:165 - CPN selected for project level
2025-04-04 13:29:01,293 [INFO] CADModel:114 - Register for checkConnection events
2025-04-04 13:29:01,293 [FATAL] Updater:308 - Updater called before beeing initialized
2025-04-04 13:29:01,293 [ERROR] CADModel:125 - Updater not yet initialized, retry later 
2025-04-04 13:29:01,296 [FATAL] Updater:308 - Updater called before beeing initialized
2025-04-04 13:29:01,384 [FATAL] Updater:308 - Updater called before beeing initialized
2025-04-04 13:29:01,389 [INFO] DbMcusAds:53 - JSON generation date=Tue Dec 17 08:01:15 PST 2024 (1734451275111)
2025-04-04 13:29:01,389 [FATAL] Updater:308 - Updater called before beeing initialized
2025-04-04 13:29:01,418 [WARN] DetailPanel:346 - Failed to get advertising image, set to default
2025-04-04 13:29:01,501 [FATAL] Updater:308 - Updater called before beeing initialized
2025-04-04 13:29:01,502 [FATAL] Updater:308 - Updater called before beeing initialized
2025-04-04 13:29:01,502 [FATAL] Updater:308 - Updater called before beeing initialized
2025-04-04 13:29:01,502 [WARN] DetailPanel:346 - Failed to get advertising image, set to default
2025-04-04 13:29:01,502 [FATAL] Updater:308 - Updater called before beeing initialized
2025-04-04 13:29:01,539 [ERROR] Updater:1120 - MainUpdater not yet initialized. External WinMGr cannot be set.
2025-04-04 13:29:01,540 [INFO] Updater:1056 - Updater Version found : 6.10.0
2025-04-04 13:29:01,554 [INFO] ApplicationProperties:184 - Using Application install path: C:\ST\STM32CubeIDE_1.13.2\STM32CubeIDE\plugins\com.st.stm32cube.common.mx_6.10.0.202311202037
2025-04-04 13:29:03,122 [ERROR] LogOutputStream:75 - [STDERR_REDIRECT] Apr 04, 2025 1:29:03 PM java.util.prefs.WindowsPreferences <init>
2025-04-04 13:29:03,123 [ERROR] LogOutputStream:75 - [STDERR_REDIRECT] WARNING: Could not open/create prefs root node Software\JavaSoft\Prefs at root 0xffffffff80000002. Windows RegCreateKeyEx(...) returned error code 5.
2025-04-04 13:29:03,123 [ERROR] LogOutputStream:75 - [STDERR_REDIRECT] 
2025-04-04 13:29:03,364 [INFO] MainUpdater:2873 - connection check result : 22
2025-04-04 13:29:03,365 [INFO] MainUpdater:290 - Updater Check For Update Now.
2025-04-04 13:29:03,365 [INFO] MicroXplorer:498 - Change Database Version : DB.6.0.100
2025-04-04 13:29:03,371 [INFO] McuFinderGlobals:63 - Set McuFinder mode to 2 (CubeIDE integrated)
2025-04-04 13:29:03,380 [INFO] UserAuth:404 - Internet connection configuration mode: 2
2025-04-04 13:29:03,538 [INFO] CheckServerUpdateThread:120 - End of CheckServer Thread
2025-04-04 13:29:03,770 [WARN] PackLoader:240 - Cannot read IP mode file for STMicroelectronics.FP-SNS-MOTENVWB1.1.4.0
2025-04-04 13:29:03,781 [WARN] PackLoader:240 - Cannot read IP mode file for STMicroelectronics.FP-ATR-ASTRA1.2.0.2
2025-04-04 13:29:03,785 [WARN] PackLoader:240 - Cannot read IP mode file for STMicroelectronics.FP-ATR-ASTRA1.2.0.1
2025-04-04 13:29:03,793 [WARN] PackLoader:240 - Cannot read IP mode file for STMicroelectronics.X-CUBE-SMBUS.2.1.0
2025-04-04 13:29:03,801 [WARN] PackLoader:240 - Cannot read IP mode file for STMicroelectronics.X-CUBE-WB05N.1.1.0
2025-04-04 13:29:03,806 [WARN] PackLoader:240 - Cannot read IP mode file for STMicroelectronics.X-CUBE-TOUCHGFX.4.23.1
2025-04-04 13:29:03,808 [WARN] PackLoader:240 - Cannot read IP mode file for STMicroelectronics.X-CUBE-TOUCHGFX.4.23.0
2025-04-04 13:29:03,812 [WARN] PackLoader:240 - Cannot read IP mode file for STMicroelectronics.X-CUBE-TOUCHGFX.4.23.2
2025-04-04 13:29:03,841 [WARN] PackLoader:240 - Cannot read IP mode file for STMicroelectronics.X-CUBE-AZRTOS-F7.1.1.0
2025-04-04 13:29:03,850 [WARN] PackLoader:240 - Cannot read IP mode file for STMicroelectronics.FP-SNS-MOTENV1.4.3.2
2025-04-04 13:29:03,902 [WARN] PackLoader:240 - Cannot read IP mode file for STMicroelectronics.X-CUBE-MEMS1.11.0.0
2025-04-04 13:29:04,014 [WARN] PackLoader:240 - Cannot read IP mode file for STMicroelectronics.FP-SNS-FLIGHT1.5.0.2
2025-04-04 13:29:04,024 [WARN] PackLoader:240 - Cannot read IP mode file for STMicroelectronics.X-CUBE-DISPLAY.3.0.0
2025-04-04 13:29:04,038 [WARN] PackLoader:240 - Cannot read IP mode file for STMicroelectronics.X-CUBE-BLE1.7.0.0
2025-04-04 13:29:04,047 [WARN] PackLoader:240 - Cannot read IP mode file for STMicroelectronics.X-CUBE-NFC10.1.0.0
2025-04-04 13:29:04,065 [WARN] PackLoader:240 - Cannot read IP mode file for STMicroelectronics.X-CUBE-BLEMGR.4.0.0
2025-04-04 13:29:04,088 [WARN] PackLoader:240 - Cannot read IP mode file for emotas.I-CUBE-CANOPEN.1.3.0
2025-04-04 13:29:04,092 [WARN] PackLoader:240 - Cannot read IP mode file for STMicroelectronics.X-CUBE-TOUCHGFX.4.22.1
2025-04-04 13:29:04,106 [WARN] PackLoader:240 - Cannot read IP mode file for STMicroelectronics.X-CUBE-BLEMGR.3.1.0
2025-04-04 13:29:04,129 [WARN] PackLoader:240 - Cannot read IP mode file for STMicroelectronics.FP-SNS-SMARTAG2.1.2.0
2025-04-04 13:29:04,134 [ERROR] Engine:466 - C:\Users\darth\.stm32cubemx\thirdparties\pdsc\STMicroelectronics.FP-SNS-FLIGHT1.5.1.0.pdsc: PDSC version is not supported
2025-04-04 13:29:04,174 [WARN] PackLoader:240 - Cannot read IP mode file for STMicroelectronics.X-CUBE-MEMS1.11.1.0
2025-04-04 13:29:04,301 [INFO] LogOutputStream:77 - [STDOUT_REDIRECT] 1 : Invalid condition id : UX_CORESTACK_Condition cause : null
2025-04-04 13:29:04,302 [INFO] LogOutputStream:77 - [STDOUT_REDIRECT] 1 : Invalid condition id : UX_CORESTACK_Condition cause : null
2025-04-04 13:29:04,303 [INFO] LogOutputStream:77 - [STDOUT_REDIRECT] 1 : Invalid condition id : UX_CORESTACK_Condition cause : null
2025-04-04 13:29:04,304 [INFO] LogOutputStream:77 - [STDOUT_REDIRECT] 1 : Invalid condition id : UX_CORESTACK_Condition cause : null
2025-04-04 13:29:04,306 [INFO] LogOutputStream:77 - [STDOUT_REDIRECT] 1 : Invalid condition id : UX_CORESTACK_Condition cause : null
2025-04-04 13:29:04,309 [WARN] PackLoader:240 - Cannot read IP mode file for STMicroelectronics.X-CUBE-AZRTOS-WL.2.0.0
2025-04-04 13:29:04,315 [WARN] PackLoader:240 - Cannot read IP mode file for STMicroelectronics.FP-SNS-MOTENV1.5.0.0
2025-04-04 13:29:04,321 [WARN] PackLoader:240 - Cannot read IP mode file for wolfSSL.I-CUBE-wolfMQTT.1.19.0
2025-04-04 13:29:04,329 [WARN] PackLoader:240 - Cannot read IP mode file for WES.I-CUBE-Cesium.1.3.0
2025-04-04 13:29:04,335 [WARN] PackLoader:240 - Cannot read IP mode file for STMicroelectronics.X-CUBE-BLE2.3.3.0
2025-04-04 13:29:04,341 [WARN] PackLoader:240 - Cannot read IP mode file for STMicroelectronics.X-CUBE-NFC9.1.0.0
2025-04-04 13:29:04,346 [WARN] PackLoader:240 - Cannot read IP mode file for STMicroelectronics.X-CUBE-BLE1.7.1.0
2025-04-04 13:29:04,352 [WARN] PackLoader:240 - Cannot read IP mode file for STMicroelectronics.X-CUBE-TCPP.4.1.0
2025-04-04 13:29:04,362 [WARN] PackLoader:240 - Cannot read IP mode file for STMicroelectronics.X-CUBE-ALGOBUILD.1.3.0
2025-04-04 13:29:04,376 [WARN] PackLoader:240 - Cannot read IP mode file for STMicroelectronics.X-CUBE-AZRTOS-G0.1.1.0
2025-04-04 13:29:04,385 [WARN] PackLoader:240 - Cannot read IP mode file for STMicroelectronics.X-CUBE-SAFEA1.1.2.2
2025-04-04 13:29:04,390 [WARN] PackLoader:240 - Cannot read IP mode file for STMicroelectronics.X-CUBE-NFC4.3.0.0
2025-04-04 13:29:04,401 [WARN] PackLoader:240 - Cannot read IP mode file for EmbeddedOffice.I-CUBE-FS-RTOS.1.0.1
2025-04-04 13:29:04,401 [ERROR] ConditionMgr:805 - Attr not supported : Dmpu
2025-04-04 13:29:04,402 [ERROR] ConditionMgr:805 - Attr not supported : Dmpu
2025-04-04 13:29:04,402 [ERROR] ConditionMgr:805 - Attr not supported : Dmpu
2025-04-04 13:29:04,402 [ERROR] ConditionMgr:805 - Attr not supported : Dmpu
2025-04-04 13:29:04,402 [ERROR] ConditionMgr:805 - Attr not supported : Dmpu
2025-04-04 13:29:04,402 [ERROR] ConditionMgr:805 - Attr not supported : Dmpu
2025-04-04 13:29:04,402 [ERROR] ConditionMgr:805 - Attr not supported : Dmpu
2025-04-04 13:29:04,402 [ERROR] ConditionMgr:805 - Attr not supported : Dmpu
2025-04-04 13:29:04,403 [ERROR] ConditionMgr:805 - Attr not supported : Dmpu
2025-04-04 13:29:04,403 [ERROR] ConditionMgr:805 - Attr not supported : Dmpu
2025-04-04 13:29:04,403 [ERROR] ConditionMgr:805 - Attr not supported : Dmpu
2025-04-04 13:29:04,403 [ERROR] ConditionMgr:805 - Attr not supported : Dmpu
2025-04-04 13:29:04,403 [ERROR] ConditionMgr:805 - Attr not supported : Dmpu
2025-04-04 13:29:04,403 [ERROR] ConditionMgr:805 - Attr not supported : Dmpu
2025-04-04 13:29:04,403 [ERROR] ConditionMgr:805 - Attr not supported : Dmpu
2025-04-04 13:29:04,403 [ERROR] ConditionMgr:805 - Attr not supported : Dmpu
2025-04-04 13:29:04,403 [ERROR] ConditionMgr:805 - Attr not supported : Dmpu
2025-04-04 13:29:04,403 [ERROR] ConditionMgr:805 - Attr not supported : Dmpu
2025-04-04 13:29:04,403 [ERROR] ConditionMgr:805 - Attr not supported : Dmpu
2025-04-04 13:29:04,403 [ERROR] ConditionMgr:805 - Attr not supported : Dmpu
2025-04-04 13:29:04,403 [ERROR] ConditionMgr:805 - Attr not supported : Dmpu
2025-04-04 13:29:04,404 [ERROR] ConditionMgr:805 - Attr not supported : Dmpu
2025-04-04 13:29:04,404 [ERROR] ConditionMgr:805 - Attr not supported : Dmpu
2025-04-04 13:29:04,404 [ERROR] ConditionMgr:805 - Attr not supported : Dmpu
2025-04-04 13:29:04,404 [ERROR] ConditionMgr:805 - Attr not supported : Dmpu
2025-04-04 13:29:04,404 [ERROR] ConditionMgr:805 - Attr not supported : Dmpu
2025-04-04 13:29:04,404 [ERROR] ConditionMgr:805 - Attr not supported : Dmpu
2025-04-04 13:29:04,404 [ERROR] ConditionMgr:805 - Attr not supported : Dmpu
2025-04-04 13:29:04,404 [ERROR] ConditionMgr:805 - Attr not supported : Dmpu
2025-04-04 13:29:04,404 [ERROR] ConditionMgr:805 - Attr not supported : Dmpu
2025-04-04 13:29:04,404 [ERROR] ConditionMgr:805 - Attr not supported : Dmpu
2025-04-04 13:29:04,404 [ERROR] ConditionMgr:805 - Attr not supported : Dmpu
2025-04-04 13:29:04,405 [ERROR] ConditionMgr:805 - Attr not supported : Dmpu
2025-04-04 13:29:04,405 [ERROR] ConditionMgr:805 - Attr not supported : Dmpu
2025-04-04 13:29:04,405 [ERROR] ConditionMgr:805 - Attr not supported : Dmpu
2025-04-04 13:29:04,405 [ERROR] ConditionMgr:805 - Attr not supported : Dmpu
2025-04-04 13:29:04,405 [ERROR] ConditionMgr:805 - Attr not supported : Dmpu
2025-04-04 13:29:04,405 [ERROR] ConditionMgr:805 - Attr not supported : Dmpu
2025-04-04 13:29:04,405 [ERROR] ConditionMgr:805 - Attr not supported : Dmpu
2025-04-04 13:29:04,405 [ERROR] ConditionMgr:805 - Attr not supported : Dmpu
2025-04-04 13:29:04,405 [ERROR] ConditionMgr:805 - Attr not supported : Dmpu
2025-04-04 13:29:04,405 [ERROR] ConditionMgr:805 - Attr not supported : Dmpu
2025-04-04 13:29:04,406 [ERROR] ConditionMgr:805 - Attr not supported : Dmpu
2025-04-04 13:29:04,406 [ERROR] ConditionMgr:805 - Attr not supported : Dmpu
2025-04-04 13:29:04,406 [ERROR] ConditionMgr:805 - Attr not supported : Dmpu
2025-04-04 13:29:04,406 [ERROR] ConditionMgr:805 - Attr not supported : Dmpu
2025-04-04 13:29:04,406 [ERROR] ConditionMgr:805 - Attr not supported : Dmpu
2025-04-04 13:29:04,406 [ERROR] ConditionMgr:805 - Attr not supported : Dmpu
2025-04-04 13:29:04,406 [ERROR] ConditionMgr:805 - Attr not supported : Dmpu
2025-04-04 13:29:04,406 [ERROR] ConditionMgr:805 - Attr not supported : Dmpu
2025-04-04 13:29:04,406 [ERROR] ConditionMgr:805 - Attr not supported : Dmpu
2025-04-04 13:29:04,406 [ERROR] ConditionMgr:805 - Attr not supported : Dmpu
2025-04-04 13:29:04,406 [ERROR] ConditionMgr:805 - Attr not supported : Dmpu
2025-04-04 13:29:04,406 [ERROR] ConditionMgr:805 - Attr not supported : Dmpu
2025-04-04 13:29:04,406 [ERROR] ConditionMgr:805 - Attr not supported : Dmpu
2025-04-04 13:29:04,406 [ERROR] ConditionMgr:805 - Attr not supported : Dmpu
2025-04-04 13:29:04,406 [ERROR] ConditionMgr:805 - Attr not supported : Dmpu
2025-04-04 13:29:04,407 [ERROR] ConditionMgr:805 - Attr not supported : Dmpu
2025-04-04 13:29:04,407 [ERROR] ConditionMgr:805 - Attr not supported : Dmpu
2025-04-04 13:29:04,407 [ERROR] ConditionMgr:805 - Attr not supported : Dmpu
2025-04-04 13:29:04,407 [ERROR] ConditionMgr:805 - Attr not supported : Dmpu
2025-04-04 13:29:04,407 [ERROR] ConditionMgr:805 - Attr not supported : Dmpu
2025-04-04 13:29:04,407 [ERROR] ConditionMgr:805 - Attr not supported : Dmpu
2025-04-04 13:29:04,407 [ERROR] ConditionMgr:805 - Attr not supported : Dmpu
2025-04-04 13:29:04,415 [WARN] PackLoader:240 - Cannot read IP mode file for STMicroelectronics.X-CUBE-BLEMGR.3.0.0
2025-04-04 13:29:04,420 [ERROR] Engine:466 - C:\Users\darth\.stm32cubemx\thirdparties\pdsc\STMicroelectronics.X-CUBE-TCPP.4.2.0.pdsc: PDSC version is not supported
2025-04-04 13:29:04,425 [WARN] PackLoader:240 - Cannot read IP mode file for RealThread.X-CUBE-RT-Thread_Nano.4.1.1
2025-04-04 13:29:04,431 [WARN] PackLoader:240 - Cannot read IP mode file for STMicroelectronics.FP-ATR-SIGFOX1.3.2.0
2025-04-04 13:29:04,437 [WARN] ConditionMgr:438 - getConditionDescription Invalid condition id : Cortex-A Device cause : null
2025-04-04 13:29:04,453 [WARN] ConditionMgr:1039 - genDependencies : Invalid condition id : Cortex-A Device cause : null
2025-04-04 13:29:04,454 [WARN] ConditionMgr:1039 - genDependencies : Invalid condition id : Cortex-A Device cause : null
2025-04-04 13:29:04,454 [WARN] ConditionMgr:1039 - genDependencies : Invalid condition id : Cortex-A Device cause : null
2025-04-04 13:29:04,460 [WARN] PackLoader:240 - Cannot read IP mode file for STMicroelectronics.X-CUBE-EEPRMA1.5.1.0
2025-04-04 13:29:04,485 [WARN] PackLoader:240 - Cannot read IP mode file for SEGGER.I-CUBE-embOS.1.3.1
2025-04-04 13:29:04,531 [WARN] PackLoader:240 - Cannot read IP mode file for STMicroelectronics.X-CUBE-ALGOBUILD.1.4.0
2025-04-04 13:29:04,536 [WARN] PackLoader:240 - Cannot read IP mode file for STMicroelectronics.X-CUBE-AI.9.1.0
2025-04-04 13:29:04,542 [WARN] PackLoader:240 - Cannot read IP mode file for STMicroelectronics.X-CUBE-GNSS1.6.0.0
2025-04-04 13:29:04,562 [WARN] PackLoader:240 - Cannot read IP mode file for STMicroelectronics.X-CUBE-AZRTOS-F4.1.1.0
2025-04-04 13:29:04,572 [WARN] PackLoader:240 - Cannot read IP mode file for wolfSSL.I-CUBE-wolfSSL.5.6.4
2025-04-04 13:29:04,583 [WARN] PackLoader:240 - Cannot read IP mode file for STMicroelectronics.X-CUBE-ISPU.2.1.0
2025-04-04 13:29:04,590 [WARN] PackLoader:240 - Cannot read IP mode file for STMicroelectronics.X-CUBE-FREERTOS.1.2.0
2025-04-04 13:29:04,605 [WARN] PackLoader:240 - Cannot read IP mode file for STMicroelectronics.X-CUBE-AZRTOS-L5.2.0.0
2025-04-04 13:29:04,610 [WARN] PackLoader:240 - Cannot read IP mode file for STMicroelectronics.X-CUBE-EEPRMA1.4.2.0
2025-04-04 13:29:04,616 [WARN] PackLoader:240 - Cannot read IP mode file for STMicroelectronics.X-CUBE-NFC6.3.1.0
2025-04-04 13:29:04,623 [WARN] PackLoader:240 - Cannot read IP mode file for ITTIA_DB.I-CUBE-ITTIADB.8.8.0
2025-04-04 13:29:04,629 [WARN] PackLoader:240 - Cannot read IP mode file for STMicroelectronics.X-CUBE-DPower.1.2.0
2025-04-04 13:29:04,633 [WARN] PackLoader:240 - Cannot read IP mode file for STMicroelectronics.X-CUBE-AI.9.0.0
2025-04-04 13:29:04,650 [WARN] ConditionMgr:438 - getConditionDescription Invalid condition id : UX DEVICE CLASS RTOS Condition cause : null
2025-04-04 13:29:04,650 [WARN] ConditionMgr:438 - getConditionDescription Invalid condition id : UX DEVICE CLASS RTOS Condition cause : null
2025-04-04 13:29:04,655 [WARN] PackLoader:240 - Cannot read IP mode file for STMicroelectronics.X-CUBE-AZRTOS-H7.3.1.0
2025-04-04 13:29:04,656 [WARN] ConditionMgr:1039 - genDependencies : Invalid condition id : UX DEVICE CLASS RTOS Condition cause : null
2025-04-04 13:29:04,656 [WARN] ConditionMgr:1039 - genDependencies : Invalid condition id : UX DEVICE CLASS RTOS Condition cause : null
2025-04-04 13:29:04,656 [WARN] ConditionMgr:1039 - genDependencies : Invalid condition id : UX DEVICE CLASS RTOS Condition cause : null
2025-04-04 13:29:04,657 [WARN] ConditionMgr:1039 - genDependencies : Invalid condition id : UX DEVICE CLASS RTOS Condition cause : null
2025-04-04 13:29:04,657 [WARN] ConditionMgr:1039 - genDependencies : Invalid condition id : UX DEVICE CLASS RTOS Condition cause : null
2025-04-04 13:29:04,665 [WARN] PackLoader:240 - Cannot read IP mode file for STMicroelectronics.X-CUBE-FREERTOS.1.3.0
2025-04-04 13:29:04,672 [WARN] PackLoader:240 - Cannot read IP mode file for STMicroelectronics.X-CUBE-NFC7.1.0.1
2025-04-04 13:29:04,679 [WARN] PackLoader:240 - Cannot read IP mode file for STMicroelectronics.X-CUBE-NFC6.3.0.0
2025-04-04 13:29:04,687 [WARN] PackLoader:240 - Cannot read IP mode file for STMicroelectronics.X-CUBE-DPower.1.3.0
2025-04-04 13:29:04,692 [WARN] PackLoader:240 - Cannot read IP mode file for STMicroelectronics.X-CUBE-AI.8.1.0
2025-04-04 13:29:04,712 [WARN] ConditionMgr:438 - getConditionDescription Invalid condition id : LAN8742 Phy interface Condition cause : null
2025-04-04 13:29:04,714 [WARN] PackLoader:240 - Cannot read IP mode file for STMicroelectronics.X-CUBE-AZRTOS-L4.2.0.0
2025-04-04 13:29:04,717 [WARN] ConditionMgr:1039 - genDependencies : Invalid condition id : LAN8742 Phy interface Condition cause : null
2025-04-04 13:29:04,717 [WARN] ConditionMgr:1039 - genDependencies : Invalid condition id : LAN8742 Phy interface Condition cause : null
2025-04-04 13:29:04,718 [WARN] ConditionMgr:1039 - genDependencies : Invalid condition id : LAN8742 Phy interface Condition cause : null
2025-04-04 13:29:04,729 [WARN] PackLoader:240 - Cannot read IP mode file for STMicroelectronics.X-CUBE-SFXS2LP1.4.0.0
2025-04-04 13:29:04,736 [WARN] PackLoader:240 - Cannot read IP mode file for STMicroelectronics.X-CUBE-ISPU.1.1.0
2025-04-04 13:29:04,760 [WARN] PackLoader:240 - Cannot read IP mode file for STMicroelectronics.X-CUBE-AZRTOS-H7.3.3.0
2025-04-04 13:29:04,780 [WARN] PackLoader:240 - Cannot read IP mode file for STMicroelectronics.X-CUBE-IPS.3.0.0
2025-04-04 13:29:04,805 [WARN] ConditionMgr:438 - getConditionDescription Invalid condition id : UX DEVICE CLASS RTOS Condition cause : null
2025-04-04 13:29:04,806 [WARN] ConditionMgr:438 - getConditionDescription Invalid condition id : UX DEVICE CLASS RTOS Condition cause : null
2025-04-04 13:29:04,808 [WARN] PackLoader:240 - Cannot read IP mode file for STMicroelectronics.X-CUBE-AZRTOS-WB.2.0.0
2025-04-04 13:29:04,809 [WARN] ConditionMgr:1039 - genDependencies : Invalid condition id : UX DEVICE CLASS RTOS Condition cause : null
2025-04-04 13:29:04,809 [WARN] ConditionMgr:1039 - genDependencies : Invalid condition id : UX DEVICE CLASS RTOS Condition cause : null
2025-04-04 13:29:04,810 [WARN] ConditionMgr:1039 - genDependencies : Invalid condition id : UX DEVICE CLASS RTOS Condition cause : null
2025-04-04 13:29:04,810 [WARN] ConditionMgr:1039 - genDependencies : Invalid condition id : UX DEVICE CLASS RTOS Condition cause : null
2025-04-04 13:29:04,810 [WARN] ConditionMgr:1039 - genDependencies : Invalid condition id : UX DEVICE CLASS RTOS Condition cause : null
2025-04-04 13:29:04,816 [WARN] PackLoader:240 - Cannot read IP mode file for STMicroelectronics.X-CUBE-GNSS1.7.0.0
2025-04-04 13:29:04,822 [WARN] PackLoader:240 - Cannot read IP mode file for STMicroelectronics.X-CUBE-GNSS1.7.0.1
2025-04-04 13:29:04,828 [WARN] PackLoader:240 - Cannot read IP mode file for STMicroelectronics.X-CUBE-TOUCHGFX.4.25.0
2025-04-04 13:29:04,836 [WARN] PackLoader:240 - Cannot read IP mode file for STMicroelectronics.FP-SNS-STBOX1.2.0.0
2025-04-04 13:29:04,849 [WARN] PackLoader:240 - Cannot read IP mode file for STMicroelectronics.X-CUBE-SUBG2.5.0.0
2025-04-04 13:29:04,873 [WARN] PackLoader:240 - Cannot read IP mode file for STMicroelectronics.X-CUBE-AZRTOS-H7RS.1.1.0
2025-04-04 13:29:04,887 [WARN] PackLoader:240 - Cannot read IP mode file for STMicroelectronics.X-CUBE-TOF1.3.3.1
2025-04-04 13:29:04,919 [WARN] PackLoader:240 - Cannot read IP mode file for STMicroelectronics.X-CUBE-AZRTOS-G4.2.0.0
2025-04-04 13:29:04,933 [WARN] PackLoader:240 - Cannot read IP mode file for Infineon.AIROC-Wi-Fi-Bluetooth-STM32.1.5.1
2025-04-04 13:29:04,941 [WARN] PackLoader:240 - Cannot read IP mode file for STMicroelectronics.FP-SNS-MOTENVWB1.1.3.0
2025-04-04 13:29:04,945 [WARN] PackLoader:240 - Cannot read IP mode file for STMicroelectronics.FP-SNS-MOTENVWB1.1.3.1
2025-04-04 13:29:04,950 [WARN] PackLoader:240 - Cannot read IP mode file for STMicroelectronics.X-CUBE-ISPU.2.0.0
2025-04-04 13:29:04,955 [WARN] PackLoader:240 - Cannot read IP mode file for STMicroelectronics.X-CUBE-ALS.1.0.2
2025-04-04 13:29:04,991 [WARN] PackLoader:240 - Cannot read IP mode file for STMicroelectronics.X-CUBE-MEMS1.10.0.0
2025-04-04 13:29:05,101 [ERROR] LogOutputStream:75 - [STDERR_REDIRECT] 
